1727374963.493585 client started (78541): version 3.4, socket /private/tmp/tmux-501/default, protocol 8
1727374963.493693 on Darwin 23.6.0 Darwin Kernel Version 23.6.0: Mon Jul 29 21:14:30 PDT 2024; root:xnu-10063.141.2~1/RELEASE_ARM64_T6030
1727374963.493715 using libevent 2.1.12-stable select
1727374963.493728 using utf8proc 2.9.0
1727374963.493737 using ncurses 6.5 20240427
1727374963.493763 flags are 0x18010000
1727374963.493772 socket is /private/tmp/tmux-501/default
1727374963.493785 trying connect
1727374963.493856 add peer 0x120008000: 6 (0x0)
1727374963.497706 sending message 100 to peer 0x120008000 (4 bytes)
1727374963.497727 sending message 111 to peer 0x120008000 (8 bytes)
1727374963.497736 sending message 101 to peer 0x120008000 (15 bytes)
1727374963.497743 sending message 109 to peer 0x120008000 (4 bytes)
1727374963.497749 sending message 102 to peer 0x120008000 (13 bytes)
1727374963.497755 sending message 108 to peer 0x120008000 (32 bytes)
1727374963.497761 sending message 112 to peer 0x120008000 (58 bytes)
1727374963.497767 sending message 112 to peer 0x120008000 (5 bytes)
1727374963.497773 sending message 112 to peer 0x120008000 (5 bytes)
1727374963.497779 sending message 112 to peer 0x120008000 (6 bytes)
1727374963.497785 sending message 112 to peer 0x120008000 (6 bytes)
1727374963.497792 sending message 112 to peer 0x120008000 (11 bytes)
1727374963.497798 sending message 112 to peer 0x120008000 (10 bytes)
1727374963.497804 sending message 112 to peer 0x120008000 (13 bytes)
1727374963.497810 sending message 112 to peer 0x120008000 (14 bytes)
1727374963.497816 sending message 112 to peer 0x120008000 (19 bytes)
1727374963.497822 sending message 112 to peer 0x120008000 (11 bytes)
1727374963.497828 sending message 112 to peer 0x120008000 (10 bytes)
1727374963.497833 sending message 112 to peer 0x120008000 (15 bytes)
1727374963.497839 sending message 112 to peer 0x120008000 (21 bytes)
1727374963.497845 sending message 112 to peer 0x120008000 (13 bytes)
1727374963.497851 sending message 112 to peer 0x120008000 (7 bytes)
1727374963.497857 sending message 112 to peer 0x120008000 (13 bytes)
1727374963.497863 sending message 112 to peer 0x120008000 (7 bytes)
1727374963.497869 sending message 112 to peer 0x120008000 (13 bytes)
1727374963.497874 sending message 112 to peer 0x120008000 (9 bytes)
1727374963.497880 sending message 112 to peer 0x120008000 (21 bytes)
1727374963.497886 sending message 112 to peer 0x120008000 (13 bytes)
1727374963.497892 sending message 112 to peer 0x120008000 (9 bytes)
1727374963.497897 sending message 112 to peer 0x120008000 (16 bytes)
1727374963.497903 sending message 112 to peer 0x120008000 (13 bytes)
1727374963.497909 sending message 112 to peer 0x120008000 (9 bytes)
1727374963.497915 sending message 112 to peer 0x120008000 (9 bytes)
1727374963.497921 sending message 112 to peer 0x120008000 (12 bytes)
1727374963.497926 sending message 112 to peer 0x120008000 (8 bytes)
1727374963.497932 sending message 112 to peer 0x120008000 (8 bytes)
1727374963.497937 sending message 112 to peer 0x120008000 (13 bytes)
1727374963.497943 sending message 112 to peer 0x120008000 (7 bytes)
1727374963.497949 sending message 112 to peer 0x120008000 (7 bytes)
1727374963.497954 sending message 112 to peer 0x120008000 (9 bytes)
1727374963.497959 sending message 112 to peer 0x120008000 (9 bytes)
1727374963.497965 sending message 112 to peer 0x120008000 (15 bytes)
1727374963.497971 sending message 112 to peer 0x120008000 (13 bytes)
1727374963.497976 sending message 112 to peer 0x120008000 (12 bytes)
1727374963.497982 sending message 112 to peer 0x120008000 (8 bytes)
1727374963.497988 sending message 112 to peer 0x120008000 (14 bytes)
1727374963.497993 sending message 112 to peer 0x120008000 (11 bytes)
1727374963.497999 sending message 112 to peer 0x120008000 (9 bytes)
1727374963.498005 sending message 112 to peer 0x120008000 (10 bytes)
1727374963.498010 sending message 112 to peer 0x120008000 (10 bytes)
1727374963.498016 sending message 112 to peer 0x120008000 (10 bytes)
1727374963.498022 sending message 112 to peer 0x120008000 (10 bytes)
1727374963.498039 sending message 112 to peer 0x120008000 (11 bytes)
1727374963.498044 sending message 112 to peer 0x120008000 (12 bytes)
1727374963.498048 sending message 112 to peer 0x120008000 (12 bytes)
1727374963.498052 sending message 112 to peer 0x120008000 (12 bytes)
1727374963.498056 sending message 112 to peer 0x120008000 (12 bytes)
1727374963.498060 sending message 112 to peer 0x120008000 (12 bytes)
1727374963.498065 sending message 112 to peer 0x120008000 (11 bytes)
1727374963.498069 sending message 112 to peer 0x120008000 (11 bytes)
1727374963.498073 sending message 112 to peer 0x120008000 (12 bytes)
1727374963.498077 sending message 112 to peer 0x120008000 (12 bytes)
1727374963.498081 sending message 112 to peer 0x120008000 (12 bytes)
1727374963.498085 sending message 112 to peer 0x120008000 (12 bytes)
1727374963.498089 sending message 112 to peer 0x120008000 (12 bytes)
1727374963.498093 sending message 112 to peer 0x120008000 (9 bytes)
1727374963.498097 sending message 112 to peer 0x120008000 (12 bytes)
1727374963.498101 sending message 112 to peer 0x120008000 (13 bytes)
1727374963.498105 sending message 112 to peer 0x120008000 (13 bytes)
1727374963.498109 sending message 112 to peer 0x120008000 (13 bytes)
1727374963.498114 sending message 112 to peer 0x120008000 (13 bytes)
1727374963.498118 sending message 112 to peer 0x120008000 (13 bytes)
1727374963.498122 sending message 112 to peer 0x120008000 (8 bytes)
1727374963.498126 sending message 112 to peer 0x120008000 (11 bytes)
1727374963.498130 sending message 112 to peer 0x120008000 (11 bytes)
1727374963.498134 sending message 112 to peer 0x120008000 (11 bytes)
1727374963.498139 sending message 112 to peer 0x120008000 (12 bytes)
1727374963.498143 sending message 112 to peer 0x120008000 (12 bytes)
1727374963.498147 sending message 112 to peer 0x120008000 (12 bytes)
1727374963.498151 sending message 112 to peer 0x120008000 (12 bytes)
1727374963.498155 sending message 112 to peer 0x120008000 (13 bytes)
1727374963.498159 sending message 112 to peer 0x120008000 (13 bytes)
1727374963.498163 sending message 112 to peer 0x120008000 (13 bytes)
1727374963.498167 sending message 112 to peer 0x120008000 (8 bytes)
1727374963.498171 sending message 112 to peer 0x120008000 (13 bytes)
1727374963.498175 sending message 112 to peer 0x120008000 (13 bytes)
1727374963.498180 sending message 112 to peer 0x120008000 (13 bytes)
1727374963.498184 sending message 112 to peer 0x120008000 (13 bytes)
1727374963.498188 sending message 112 to peer 0x120008000 (13 bytes)
1727374963.498192 sending message 112 to peer 0x120008000 (12 bytes)
1727374963.498196 sending message 112 to peer 0x120008000 (12 bytes)
1727374963.498200 sending message 112 to peer 0x120008000 (12 bytes)
1727374963.498204 sending message 112 to peer 0x120008000 (12 bytes)
1727374963.498208 sending message 112 to peer 0x120008000 (13 bytes)
1727374963.498212 sending message 112 to peer 0x120008000 (8 bytes)
1727374963.498216 sending message 112 to peer 0x120008000 (13 bytes)
1727374963.498220 sending message 112 to peer 0x120008000 (13 bytes)
1727374963.498224 sending message 112 to peer 0x120008000 (13 bytes)
1727374963.498228 sending message 112 to peer 0x120008000 (13 bytes)
1727374963.498232 sending message 112 to peer 0x120008000 (13 bytes)
1727374963.498236 sending message 112 to peer 0x120008000 (13 bytes)
1727374963.498240 sending message 112 to peer 0x120008000 (13 bytes)
1727374963.498243 sending message 112 to peer 0x120008000 (12 bytes)
1727374963.498247 sending message 112 to peer 0x120008000 (12 bytes)
1727374963.498251 sending message 112 to peer 0x120008000 (12 bytes)
1727374963.498256 sending message 112 to peer 0x120008000 (8 bytes)
1727374963.498260 sending message 112 to peer 0x120008000 (12 bytes)
1727374963.498264 sending message 112 to peer 0x120008000 (13 bytes)
1727374963.498268 sending message 112 to peer 0x120008000 (13 bytes)
1727374963.498272 sending message 112 to peer 0x120008000 (13 bytes)
1727374963.498276 sending message 112 to peer 0x120008000 (13 bytes)
1727374963.498280 sending message 112 to peer 0x120008000 (13 bytes)
1727374963.498292 sending message 112 to peer 0x120008000 (13 bytes)
1727374963.498297 sending message 112 to peer 0x120008000 (13 bytes)
1727374963.498301 sending message 112 to peer 0x120008000 (13 bytes)
1727374963.498305 sending message 112 to peer 0x120008000 (12 bytes)
1727374963.498309 sending message 112 to peer 0x120008000 (10 bytes)
1727374963.498313 sending message 112 to peer 0x120008000 (12 bytes)
1727374963.498317 sending message 112 to peer 0x120008000 (12 bytes)
1727374963.498321 sending message 112 to peer 0x120008000 (12 bytes)
1727374963.498324 sending message 112 to peer 0x120008000 (13 bytes)
1727374963.498328 sending message 112 to peer 0x120008000 (13 bytes)
1727374963.498332 sending message 112 to peer 0x120008000 (13 bytes)
1727374963.498336 sending message 112 to peer 0x120008000 (13 bytes)
1727374963.498340 sending message 112 to peer 0x120008000 (13 bytes)
1727374963.498344 sending message 112 to peer 0x120008000 (13 bytes)
1727374963.498348 sending message 112 to peer 0x120008000 (13 bytes)
1727374963.498352 sending message 112 to peer 0x120008000 (10 bytes)
1727374963.498355 sending message 112 to peer 0x120008000 (13 bytes)
1727374963.498359 sending message 112 to peer 0x120008000 (12 bytes)
1727374963.498363 sending message 112 to peer 0x120008000 (12 bytes)
1727374963.498367 sending message 112 to peer 0x120008000 (12 bytes)
1727374963.498371 sending message 112 to peer 0x120008000 (10 bytes)
1727374963.498375 sending message 112 to peer 0x120008000 (10 bytes)
1727374963.498378 sending message 112 to peer 0x120008000 (10 bytes)
1727374963.498382 sending message 112 to peer 0x120008000 (12 bytes)
1727374963.498386 sending message 112 to peer 0x120008000 (13 bytes)
1727374963.498390 sending message 112 to peer 0x120008000 (13 bytes)
1727374963.498394 sending message 112 to peer 0x120008000 (13 bytes)
1727374963.498397 sending message 112 to peer 0x120008000 (13 bytes)
1727374963.498402 sending message 112 to peer 0x120008000 (13 bytes)
1727374963.498406 sending message 112 to peer 0x120008000 (10 bytes)
1727374963.498409 sending message 112 to peer 0x120008000 (11 bytes)
1727374963.498413 sending message 112 to peer 0x120008000 (12 bytes)
1727374963.498417 sending message 112 to peer 0x120008000 (12 bytes)
1727374963.498421 sending message 112 to peer 0x120008000 (12 bytes)
1727374963.498425 sending message 112 to peer 0x120008000 (12 bytes)
1727374963.498429 sending message 112 to peer 0x120008000 (12 bytes)
1727374963.498434 sending message 112 to peer 0x120008000 (11 bytes)
1727374963.498437 sending message 112 to peer 0x120008000 (12 bytes)
1727374963.498441 sending message 112 to peer 0x120008000 (12 bytes)
1727374963.498445 sending message 112 to peer 0x120008000 (13 bytes)
1727374963.498449 sending message 112 to peer 0x120008000 (13 bytes)
1727374963.498453 sending message 112 to peer 0x120008000 (13 bytes)
1727374963.498457 sending message 112 to peer 0x120008000 (13 bytes)
1727374963.498461 sending message 112 to peer 0x120008000 (13 bytes)
1727374963.498465 sending message 112 to peer 0x120008000 (10 bytes)
1727374963.498469 sending message 112 to peer 0x120008000 (9 bytes)
1727374963.498473 sending message 112 to peer 0x120008000 (12 bytes)
1727374963.498477 sending message 112 to peer 0x120008000 (13 bytes)
1727374963.498481 sending message 112 to peer 0x120008000 (13 bytes)
1727374963.498485 sending message 112 to peer 0x120008000 (13 bytes)
1727374963.498489 sending message 112 to peer 0x120008000 (13 bytes)
1727374963.498493 sending message 112 to peer 0x120008000 (13 bytes)
1727374963.498496 sending message 112 to peer 0x120008000 (9 bytes)
1727374963.498500 sending message 112 to peer 0x120008000 (12 bytes)
1727374963.498504 sending message 112 to peer 0x120008000 (13 bytes)
1727374963.498508 sending message 112 to peer 0x120008000 (13 bytes)
1727374963.498512 sending message 112 to peer 0x120008000 (13 bytes)
1727374963.498516 sending message 112 to peer 0x120008000 (13 bytes)
1727374963.498520 sending message 112 to peer 0x120008000 (13 bytes)
1727374963.498530 sending message 112 to peer 0x120008000 (11 bytes)
1727374963.498534 sending message 112 to peer 0x120008000 (12 bytes)
1727374963.498538 sending message 112 to peer 0x120008000 (13 bytes)
1727374963.498542 sending message 112 to peer 0x120008000 (13 bytes)
1727374963.498546 sending message 112 to peer 0x120008000 (13 bytes)
1727374963.498550 sending message 112 to peer 0x120008000 (13 bytes)
1727374963.498554 sending message 112 to peer 0x120008000 (13 bytes)
1727374963.498557 sending message 112 to peer 0x120008000 (11 bytes)
1727374963.498561 sending message 112 to peer 0x120008000 (12 bytes)
1727374963.498565 sending message 112 to peer 0x120008000 (12 bytes)
1727374963.498569 sending message 112 to peer 0x120008000 (12 bytes)
1727374963.498573 sending message 112 to peer 0x120008000 (12 bytes)
1727374963.498577 sending message 112 to peer 0x120008000 (12 bytes)
1727374963.498580 sending message 112 to peer 0x120008000 (21 bytes)
1727374963.498584 sending message 112 to peer 0x120008000 (12 bytes)
1727374963.498588 sending message 112 to peer 0x120008000 (9 bytes)
1727374963.498592 sending message 112 to peer 0x120008000 (6 bytes)
1727374963.498596 sending message 112 to peer 0x120008000 (13 bytes)
1727374963.498600 sending message 112 to peer 0x120008000 (10 bytes)
1727374963.498604 sending message 112 to peer 0x120008000 (15 bytes)
1727374963.498608 sending message 112 to peer 0x120008000 (13 bytes)
1727374963.498611 sending message 112 to peer 0x120008000 (9 bytes)
1727374963.498615 sending message 112 to peer 0x120008000 (70 bytes)
1727374963.498619 sending message 112 to peer 0x120008000 (69 bytes)
1727374963.498623 sending message 112 to peer 0x120008000 (73 bytes)
1727374963.498627 sending message 112 to peer 0x120008000 (12 bytes)
1727374963.498631 sending message 112 to peer 0x120008000 (10 bytes)
1727374963.498635 sending message 112 to peer 0x120008000 (10 bytes)
1727374963.498638 sending message 112 to peer 0x120008000 (15 bytes)
1727374963.498642 sending message 112 to peer 0x120008000 (13 bytes)
1727374963.498646 sending message 112 to peer 0x120008000 (10 bytes)
1727374963.498650 sending message 112 to peer 0x120008000 (10 bytes)
1727374963.498654 sending message 112 to peer 0x120008000 (17 bytes)
1727374963.498657 sending message 112 to peer 0x120008000 (13 bytes)
1727374963.498661 sending message 112 to peer 0x120008000 (15 bytes)
1727374963.498665 sending message 112 to peer 0x120008000 (5 bytes)
1727374963.498670 sending message 104 to peer 0x120008000 (0 bytes)
1727374963.498675 sending message 110 to peer 0x120008000 (0 bytes)
1727374963.498679 sending message 107 to peer 0x120008000 (4 bytes)
1727374963.498683 sending message 105 to peer 0x120008000 (15 bytes)
1727374963.498687 sending message 105 to peer 0x120008000 (20 bytes)
1727374963.498691 sending message 105 to peer 0x120008000 (22 bytes)
1727374963.498694 sending message 105 to peer 0x120008000 (29 bytes)
1727374963.498698 sending message 105 to peer 0x120008000 (21 bytes)
1727374963.498702 sending message 105 to peer 0x120008000 (61 bytes)
1727374963.498706 sending message 105 to peer 0x120008000 (17 bytes)
1727374963.498710 sending message 105 to peer 0x120008000 (19 bytes)
1727374963.498713 sending message 105 to peer 0x120008000 (26 bytes)
1727374963.498717 sending message 105 to peer 0x120008000 (25 bytes)
1727374963.498721 sending message 105 to peer 0x120008000 (31 bytes)
1727374963.498725 sending message 105 to peer 0x120008000 (705 bytes)
1727374963.498730 sending message 105 to peer 0x120008000 (36 bytes)
1727374963.498734 sending message 105 to peer 0x120008000 (50 bytes)
1727374963.498737 sending message 105 to peer 0x120008000 (21 bytes)
1727374963.498741 sending message 105 to peer 0x120008000 (13 bytes)
1727374963.498745 sending message 105 to peer 0x120008000 (15 bytes)
1727374963.498749 sending message 105 to peer 0x120008000 (8 bytes)
1727374963.498753 sending message 105 to peer 0x120008000 (66 bytes)
1727374963.498757 sending message 105 to peer 0x120008000 (20 bytes)
1727374963.498769 sending message 105 to peer 0x120008000 (86 bytes)
1727374963.498773 sending message 105 to peer 0x120008000 (42 bytes)
1727374963.498777 sending message 105 to peer 0x120008000 (23 bytes)
1727374963.498781 sending message 105 to peer 0x120008000 (27 bytes)
1727374963.498785 sending message 105 to peer 0x120008000 (60 bytes)
1727374963.498789 sending message 105 to peer 0x120008000 (57 bytes)
1727374963.498793 sending message 105 to peer 0x120008000 (22 bytes)
1727374963.498797 sending message 105 to peer 0x120008000 (14 bytes)
1727374963.498801 sending message 105 to peer 0x120008000 (19 bytes)
1727374963.498805 sending message 105 to peer 0x120008000 (43 bytes)
1727374963.498809 sending message 105 to peer 0x120008000 (38 bytes)
1727374963.498813 sending message 105 to peer 0x120008000 (30 bytes)
1727374963.498817 sending message 105 to peer 0x120008000 (37 bytes)
1727374963.498821 sending message 105 to peer 0x120008000 (34 bytes)
1727374963.498828 sending message 105 to peer 0x120008000 (35 bytes)
1727374963.498832 sending message 105 to peer 0x120008000 (17 bytes)
1727374963.498837 sending message 105 to peer 0x120008000 (16 bytes)
1727374963.498840 sending message 105 to peer 0x120008000 (12 bytes)
1727374963.498844 sending message 105 to peer 0x120008000 (22 bytes)
1727374963.498848 sending message 105 to peer 0x120008000 (39 bytes)
1727374963.498852 sending message 105 to peer 0x120008000 (37 bytes)
1727374963.498856 sending message 105 to peer 0x120008000 (16 bytes)
1727374963.498860 sending message 105 to peer 0x120008000 (16 bytes)
1727374963.498864 sending message 105 to peer 0x120008000 (11 bytes)
1727374963.498868 sending message 105 to peer 0x120008000 (8 bytes)
1727374963.498872 sending message 105 to peer 0x120008000 (32 bytes)
1727374963.498876 sending message 105 to peer 0x120008000 (96 bytes)
1727374963.498880 sending message 105 to peer 0x120008000 (10 bytes)
1727374963.498884 sending message 105 to peer 0x120008000 (26 bytes)
1727374963.498888 sending message 105 to peer 0x120008000 (25 bytes)
1727374963.498891 sending message 106 to peer 0x120008000 (0 bytes)
1727374963.498954 sending message 200 to peer 0x120008000 (4 bytes)
1727374963.498961 client loop enter
1727374963.521647 peer 0x120008000 message 207
1727374963.521676 sending message 208 to peer 0x120008000 (0 bytes)
1727375108.622103 client_signal: Hangup: 1
1727375108.622199 sending message 205 to peer 0x120008000 (0 bytes)
1727375108.623946 client loop exit
